INFO - 2024-09-10 06:45:40 --> Session: Class initialized using 'CodeIgniter\Session\Handlers\FileHandler' driver.
INFO - 2024-09-10 06:45:44 --> Session: Class initialized using 'CodeIgniter\Session\Handlers\FileHandler' driver.
ERROR - 2024-09-10 06:45:51 --> Error connecting to the database: mysqli_sql_exception: No connection could be made because the target machine actively refused it in C:\xampp3\htdocs\tubanweb\halo-ternak\system\Database\MySQLi\Connection.php:186
Stack trace:
#0 C:\xampp3\htdocs\tubanweb\halo-ternak\system\Database\MySQLi\Connection.php(186): mysqli->real_connect('localhost', 'root', Object(SensitiveParameterValue), 'halo_ternak_ci', 3306, '', 0)
#1 C:\xampp3\htdocs\tubanweb\halo-ternak\system\Database\BaseConnection.php(421): CodeIgniter\Database\MySQLi\Connection->connect(false)
#2 C:\xampp3\htdocs\tubanweb\halo-ternak\system\Database\BaseConnection.php(616): CodeIgniter\Database\BaseConnection->initialize()
#3 C:\xampp3\htdocs\tubanweb\halo-ternak\system\Database\BaseBuilder.php(1644): CodeIgniter\Database\BaseConnection->query('SELECT *\nFROM `...', Array, false)
#4 C:\xampp3\htdocs\tubanweb\halo-ternak\system\Model.php(330): CodeIgniter\Database\BaseBuilder->get()
#5 C:\xampp3\htdocs\tubanweb\halo-ternak\system\BaseModel.php(714): CodeIgniter\Model->doFirst()
#6 C:\xampp3\htdocs\tubanweb\halo-ternak\app\Controllers\Auth.php(28): CodeIgniter\BaseModel->first()
#7 C:\xampp3\htdocs\tubanweb\halo-ternak\system\CodeIgniter.php(933): App\Controllers\Auth->login_process()
#8 C:\xampp3\htdocs\tubanweb\halo-ternak\system\CodeIgniter.php(509): CodeIgniter\CodeIgniter->runController(Object(App\Controllers\Auth))
#9 C:\xampp3\htdocs\tubanweb\halo-ternak\system\CodeIgniter.php(355): CodeIgniter\CodeIgniter->handleRequest(NULL, Object(Config\Cache), false)
#10 C:\xampp3\htdocs\tubanweb\halo-ternak\system\Boot.php(325): CodeIgniter\CodeIgniter->run()
#11 C:\xampp3\htdocs\tubanweb\halo-ternak\system\Boot.php(67): CodeIgniter\Boot::runCodeIgniter(Object(CodeIgniter\CodeIgniter))
#12 C:\xampp3\htdocs\tubanweb\halo-ternak\public\index.php(56): CodeIgniter\Boot::bootWeb(Object(Config\Paths))
#13 C:\xampp3\htdocs\tubanweb\halo-ternak\system\rewrite.php(44): require_once('C:\\xampp3\\htdoc...')
#14 {main}

Next CodeIgniter\Database\Exceptions\DatabaseException: No connection could be made because the target machine actively refused it in C:\xampp3\htdocs\tubanweb\halo-ternak\system\Database\MySQLi\Connection.php:231
Stack trace:
#0 C:\xampp3\htdocs\tubanweb\halo-ternak\system\Database\BaseConnection.php(421): CodeIgniter\Database\MySQLi\Connection->connect(false)
#1 C:\xampp3\htdocs\tubanweb\halo-ternak\system\Database\BaseConnection.php(616): CodeIgniter\Database\BaseConnection->initialize()
#2 C:\xampp3\htdocs\tubanweb\halo-ternak\system\Database\BaseBuilder.php(1644): CodeIgniter\Database\BaseConnection->query('SELECT *\nFROM `...', Array, false)
#3 C:\xampp3\htdocs\tubanweb\halo-ternak\system\Model.php(330): CodeIgniter\Database\BaseBuilder->get()
#4 C:\xampp3\htdocs\tubanweb\halo-ternak\system\BaseModel.php(714): CodeIgniter\Model->doFirst()
#5 C:\xampp3\htdocs\tubanweb\halo-ternak\app\Controllers\Auth.php(28): CodeIgniter\BaseModel->first()
#6 C:\xampp3\htdocs\tubanweb\halo-ternak\system\CodeIgniter.php(933): App\Controllers\Auth->login_process()
#7 C:\xampp3\htdocs\tubanweb\halo-ternak\system\CodeIgniter.php(509): CodeIgniter\CodeIgniter->runController(Object(App\Controllers\Auth))
#8 C:\xampp3\htdocs\tubanweb\halo-ternak\system\CodeIgniter.php(355): CodeIgniter\CodeIgniter->handleRequest(NULL, Object(Config\Cache), false)
#9 C:\xampp3\htdocs\tubanweb\halo-ternak\system\Boot.php(325): CodeIgniter\CodeIgniter->run()
#10 C:\xampp3\htdocs\tubanweb\halo-ternak\system\Boot.php(67): CodeIgniter\Boot::runCodeIgniter(Object(CodeIgniter\CodeIgniter))
#11 C:\xampp3\htdocs\tubanweb\halo-ternak\public\index.php(56): CodeIgniter\Boot::bootWeb(Object(Config\Paths))
#12 C:\xampp3\htdocs\tubanweb\halo-ternak\system\rewrite.php(44): require_once('C:\\xampp3\\htdoc...')
#13 {main}
CRITICAL - 2024-09-10 06:45:51 --> CodeIgniter\Database\Exceptions\DatabaseException: Unable to connect to the database.
Main connection [MySQLi]: No connection could be made because the target machine actively refused it
[Method: POST, Route: login]
in SYSTEMPATH\Database\BaseConnection.php on line 467.
 1 SYSTEMPATH\Database\BaseConnection.php(616): CodeIgniter\Database\BaseConnection->initialize()
 2 SYSTEMPATH\Database\BaseBuilder.php(1644): CodeIgniter\Database\BaseConnection->query('SELECT *
FROM `peternak`
WHERE `no_wa` = :no_wa:
 LIMIT 1', [...], false)
 3 SYSTEMPATH\Model.php(330): CodeIgniter\Database\BaseBuilder->get()
 4 SYSTEMPATH\BaseModel.php(714): CodeIgniter\Model->doFirst()
 5 APPPATH\Controllers\Auth.php(28): CodeIgniter\BaseModel->first()
 6 SYSTEMPATH\CodeIgniter.php(933): App\Controllers\Auth->login_process()
 7 SYSTEMPATH\CodeIgniter.php(509): CodeIgniter\CodeIgniter->runController(Object(App\Controllers\Auth))
 8 SYSTEMPATH\CodeIgniter.php(355): CodeIgniter\CodeIgniter->handleRequest(null, Object(Config\Cache), false)
 9 SYSTEMPATH\Boot.php(325): CodeIgniter\CodeIgniter->run()
10 SYSTEMPATH\Boot.php(67): CodeIgniter\Boot::runCodeIgniter(Object(CodeIgniter\CodeIgniter))
11 FCPATH\index.php(56): CodeIgniter\Boot::bootWeb(Object(Config\Paths))
12 SYSTEMPATH\rewrite.php(44): require_once('C:\\xampp3\\htdocs\\tubanweb\\halo-ternak\\public\\index.php')
INFO - 2024-09-10 06:45:51 --> Session: Class initialized using 'CodeIgniter\Session\Handlers\FileHandler' driver.
INFO - 2024-09-10 06:50:23 --> Session: Class initialized using 'CodeIgniter\Session\Handlers\FileHandler' driver.
INFO - 2024-09-10 06:52:06 --> Session: Class initialized using 'CodeIgniter\Session\Handlers\FileHandler' driver.
INFO - 2024-09-10 06:52:15 --> Session: Class initialized using 'CodeIgniter\Session\Handlers\FileHandler' driver.
INFO - 2024-09-10 06:52:31 --> Session: Class initialized using 'CodeIgniter\Session\Handlers\FileHandler' driver.
INFO - 2024-09-10 06:52:40 --> Session: Class initialized using 'CodeIgniter\Session\Handlers\FileHandler' driver.
INFO - 2024-09-10 06:52:44 --> Session: Class initialized using 'CodeIgniter\Session\Handlers\FileHandler' driver.
ERROR - 2024-09-10 07:01:18 --> mysqli_sql_exception: Table 'halo_ternak_ci.layanans' doesn't exist in C:\xampp3\htdocs\tubanweb\halo-ternak\system\Database\MySQLi\Connection.php:312
Stack trace:
#0 C:\xampp3\htdocs\tubanweb\halo-ternak\system\Database\MySQLi\Connection.php(312): mysqli->query('SELECT *\nFROM `...', 0)
#1 C:\xampp3\htdocs\tubanweb\halo-ternak\system\Database\BaseConnection.php(734): CodeIgniter\Database\MySQLi\Connection->execute('SELECT *\nFROM `...')
#2 C:\xampp3\htdocs\tubanweb\halo-ternak\system\Database\BaseConnection.php(648): CodeIgniter\Database\BaseConnection->simpleQuery('SELECT *\nFROM `...')
#3 C:\xampp3\htdocs\tubanweb\halo-ternak\system\Database\BaseBuilder.php(1644): CodeIgniter\Database\BaseConnection->query('SELECT *\nFROM `...', Array, false)
#4 C:\xampp3\htdocs\tubanweb\halo-ternak\system\Model.php(286): CodeIgniter\Database\BaseBuilder->get()
#5 C:\xampp3\htdocs\tubanweb\halo-ternak\system\BaseModel.php(676): CodeIgniter\Model->doFindAll(0, 0)
#6 C:\xampp3\htdocs\tubanweb\halo-ternak\app\Controllers\HewanTernak.php(37): CodeIgniter\BaseModel->findAll()
#7 C:\xampp3\htdocs\tubanweb\halo-ternak\system\CodeIgniter.php(933): App\Controllers\HewanTernak->detail()
#8 C:\xampp3\htdocs\tubanweb\halo-ternak\system\CodeIgniter.php(509): CodeIgniter\CodeIgniter->runController(Object(App\Controllers\HewanTernak))
#9 C:\xampp3\htdocs\tubanweb\halo-ternak\system\CodeIgniter.php(355): CodeIgniter\CodeIgniter->handleRequest(NULL, Object(Config\Cache), false)
#10 C:\xampp3\htdocs\tubanweb\halo-ternak\system\Boot.php(325): CodeIgniter\CodeIgniter->run()
#11 C:\xampp3\htdocs\tubanweb\halo-ternak\system\Boot.php(67): CodeIgniter\Boot::runCodeIgniter(Object(CodeIgniter\CodeIgniter))
#12 C:\xampp3\htdocs\tubanweb\halo-ternak\public\index.php(56): CodeIgniter\Boot::bootWeb(Object(Config\Paths))
#13 C:\xampp3\htdocs\tubanweb\halo-ternak\system\rewrite.php(44): require_once('C:\\xampp3\\htdoc...')
#14 {main}
CRITICAL - 2024-09-10 07:01:18 --> CodeIgniter\Database\Exceptions\DatabaseException: Table 'halo_ternak_ci.layanans' doesn't exist
[Method: GET, Route: peternak/hewan/detail]
in SYSTEMPATH\Database\BaseConnection.php on line 688.
 1 SYSTEMPATH\Database\BaseBuilder.php(1644): CodeIgniter\Database\BaseConnection->query('SELECT *
FROM `layanans`', [], false)
 2 SYSTEMPATH\Model.php(286): CodeIgniter\Database\BaseBuilder->get()
 3 SYSTEMPATH\BaseModel.php(676): CodeIgniter\Model->doFindAll(0, 0)
 4 APPPATH\Controllers\HewanTernak.php(37): CodeIgniter\BaseModel->findAll()
 5 SYSTEMPATH\CodeIgniter.php(933): App\Controllers\HewanTernak->detail()
 6 SYSTEMPATH\CodeIgniter.php(509): CodeIgniter\CodeIgniter->runController(Object(App\Controllers\HewanTernak))
 7 SYSTEMPATH\CodeIgniter.php(355): CodeIgniter\CodeIgniter->handleRequest(null, Object(Config\Cache), false)
 8 SYSTEMPATH\Boot.php(325): CodeIgniter\CodeIgniter->run()
 9 SYSTEMPATH\Boot.php(67): CodeIgniter\Boot::runCodeIgniter(Object(CodeIgniter\CodeIgniter))
10 FCPATH\index.php(56): CodeIgniter\Boot::bootWeb(Object(Config\Paths))
11 SYSTEMPATH\rewrite.php(44): require_once('C:\\xampp3\\htdocs\\tubanweb\\halo-ternak\\public\\index.php')
CRITICAL - 2024-09-10 07:01:18 --> [Caused by] CodeIgniter\Database\Exceptions\DatabaseException: Table 'halo_ternak_ci.layanans' doesn't exist
in SYSTEMPATH\Database\MySQLi\Connection.php on line 317.
 1 SYSTEMPATH\Database\BaseConnection.php(734): CodeIgniter\Database\MySQLi\Connection->execute('SELECT *
FROM `layanans`')
 2 SYSTEMPATH\Database\BaseConnection.php(648): CodeIgniter\Database\BaseConnection->simpleQuery('SELECT *
FROM `layanans`')
 3 SYSTEMPATH\Database\BaseBuilder.php(1644): CodeIgniter\Database\BaseConnection->query('SELECT *
FROM `layanans`', [], false)
 4 SYSTEMPATH\Model.php(286): CodeIgniter\Database\BaseBuilder->get()
 5 SYSTEMPATH\BaseModel.php(676): CodeIgniter\Model->doFindAll(0, 0)
 6 APPPATH\Controllers\HewanTernak.php(37): CodeIgniter\BaseModel->findAll()
 7 SYSTEMPATH\CodeIgniter.php(933): App\Controllers\HewanTernak->detail()
 8 SYSTEMPATH\CodeIgniter.php(509): CodeIgniter\CodeIgniter->runController(Object(App\Controllers\HewanTernak))
 9 SYSTEMPATH\CodeIgniter.php(355): CodeIgniter\CodeIgniter->handleRequest(null, Object(Config\Cache), false)
10 SYSTEMPATH\Boot.php(325): CodeIgniter\CodeIgniter->run()
11 SYSTEMPATH\Boot.php(67): CodeIgniter\Boot::runCodeIgniter(Object(CodeIgniter\CodeIgniter))
12 FCPATH\index.php(56): CodeIgniter\Boot::bootWeb(Object(Config\Paths))
13 SYSTEMPATH\rewrite.php(44): require_once('C:\\xampp3\\htdocs\\tubanweb\\halo-ternak\\public\\index.php')
CRITICAL - 2024-09-10 07:01:18 --> [Caused by] mysqli_sql_exception: Table 'halo_ternak_ci.layanans' doesn't exist
in SYSTEMPATH\Database\MySQLi\Connection.php on line 312.
 1 SYSTEMPATH\Database\MySQLi\Connection.php(312): mysqli->query('SELECT *
FROM `layanans`', 0)
 2 SYSTEMPATH\Database\BaseConnection.php(734): CodeIgniter\Database\MySQLi\Connection->execute('SELECT *
FROM `layanans`')
 3 SYSTEMPATH\Database\BaseConnection.php(648): CodeIgniter\Database\BaseConnection->simpleQuery('SELECT *
FROM `layanans`')
 4 SYSTEMPATH\Database\BaseBuilder.php(1644): CodeIgniter\Database\BaseConnection->query('SELECT *
FROM `layanans`', [], false)
 5 SYSTEMPATH\Model.php(286): CodeIgniter\Database\BaseBuilder->get()
 6 SYSTEMPATH\BaseModel.php(676): CodeIgniter\Model->doFindAll(0, 0)
 7 APPPATH\Controllers\HewanTernak.php(37): CodeIgniter\BaseModel->findAll()
 8 SYSTEMPATH\CodeIgniter.php(933): App\Controllers\HewanTernak->detail()
 9 SYSTEMPATH\CodeIgniter.php(509): CodeIgniter\CodeIgniter->runController(Object(App\Controllers\HewanTernak))
10 SYSTEMPATH\CodeIgniter.php(355): CodeIgniter\CodeIgniter->handleRequest(null, Object(Config\Cache), false)
11 SYSTEMPATH\Boot.php(325): CodeIgniter\CodeIgniter->run()
12 SYSTEMPATH\Boot.php(67): CodeIgniter\Boot::runCodeIgniter(Object(CodeIgniter\CodeIgniter))
13 FCPATH\index.php(56): CodeIgniter\Boot::bootWeb(Object(Config\Paths))
14 SYSTEMPATH\rewrite.php(44): require_once('C:\\xampp3\\htdocs\\tubanweb\\halo-ternak\\public\\index.php')
INFO - 2024-09-10 07:01:35 --> Session: Class initialized using 'CodeIgniter\Session\Handlers\FileHandler' driver.
CRITICAL - 2024-09-10 07:02:49 --> ErrorException: Array to string conversion
[Method: GET, Route: peternak/hewan/detail]
in APPPATH\Views\components\card\layanan.php on line 3.
 1 APPPATH\Views\components\card\layanan.php(3): CodeIgniter\Debug\Exceptions->errorHandler(2, 'Array to string conversion', 'C:\\xampp3\\htdocs\\tubanweb\\halo-ternak\\app\\Views\\components\\card\\layanan.php', 3)
 2 SYSTEMPATH\View\View.php(234): include('C:\\xampp3\\htdocs\\tubanweb\\halo-ternak\\app\\Views\\components\\card\\layanan.php')
 3 SYSTEMPATH\View\View.php(237): CodeIgniter\View\View->CodeIgniter\View\{closure}()
 4 SYSTEMPATH\View\View.php(487): CodeIgniter\View\View->render('components/card/layanan', null, true)
 5 APPPATH\Views\peternak\hewan\detail.php(12): CodeIgniter\View\View->include('components/card/layanan')
 6 SYSTEMPATH\View\View.php(234): include('C:\\xampp3\\htdocs\\tubanweb\\halo-ternak\\app\\Views\\peternak\\hewan\\detail.php')
 7 SYSTEMPATH\View\View.php(237): CodeIgniter\View\View->CodeIgniter\View\{closure}()
 8 SYSTEMPATH\Common.php(1169): CodeIgniter\View\View->render('peternak/hewan/detail', [], true)
 9 APPPATH\Controllers\HewanTernak.php(40): view('peternak/hewan/detail', [...])
10 SYSTEMPATH\CodeIgniter.php(933): App\Controllers\HewanTernak->detail()
11 SYSTEMPATH\CodeIgniter.php(509): CodeIgniter\CodeIgniter->runController(Object(App\Controllers\HewanTernak))
12 SYSTEMPATH\CodeIgniter.php(355): CodeIgniter\CodeIgniter->handleRequest(null, Object(Config\Cache), false)
13 SYSTEMPATH\Boot.php(325): CodeIgniter\CodeIgniter->run()
14 SYSTEMPATH\Boot.php(67): CodeIgniter\Boot::runCodeIgniter(Object(CodeIgniter\CodeIgniter))
15 FCPATH\index.php(56): CodeIgniter\Boot::bootWeb(Object(Config\Paths))
16 SYSTEMPATH\rewrite.php(44): require_once('C:\\xampp3\\htdocs\\tubanweb\\halo-ternak\\public\\index.php')
CRITICAL - 2024-09-10 07:03:05 --> CodeIgniter\View\Exceptions\ViewException: Invalid file: "components/layanan/layanan-left.php"
[Method: GET, Route: peternak/hewan/detail]
in SYSTEMPATH\Exceptions\FrameworkException.php on line 41.
 1 SYSTEMPATH\View\View.php(222): CodeIgniter\Exceptions\FrameworkException::forInvalidFile('components/layanan/layanan-left.php')
 2 SYSTEMPATH\Common.php(1169): CodeIgniter\View\View->render('components/layanan/layanan-left', [], true)
 3 APPPATH\Views\components\card\layanan.php(3): view('components/layanan/layanan-left', [...])
 4 SYSTEMPATH\View\View.php(234): include('C:\\xampp3\\htdocs\\tubanweb\\halo-ternak\\app\\Views\\components\\card\\layanan.php')
 5 SYSTEMPATH\View\View.php(237): CodeIgniter\View\View->CodeIgniter\View\{closure}()
 6 SYSTEMPATH\View\View.php(487): CodeIgniter\View\View->render('components/card/layanan', null, true)
 7 APPPATH\Views\peternak\hewan\detail.php(12): CodeIgniter\View\View->include('components/card/layanan')
 8 SYSTEMPATH\View\View.php(234): include('C:\\xampp3\\htdocs\\tubanweb\\halo-ternak\\app\\Views\\peternak\\hewan\\detail.php')
 9 SYSTEMPATH\View\View.php(237): CodeIgniter\View\View->CodeIgniter\View\{closure}()
10 SYSTEMPATH\Common.php(1169): CodeIgniter\View\View->render('peternak/hewan/detail', [], true)
11 APPPATH\Controllers\HewanTernak.php(40): view('peternak/hewan/detail', [...])
12 SYSTEMPATH\CodeIgniter.php(933): App\Controllers\HewanTernak->detail()
13 SYSTEMPATH\CodeIgniter.php(509): CodeIgniter\CodeIgniter->runController(Object(App\Controllers\HewanTernak))
14 SYSTEMPATH\CodeIgniter.php(355): CodeIgniter\CodeIgniter->handleRequest(null, Object(Config\Cache), false)
15 SYSTEMPATH\Boot.php(325): CodeIgniter\CodeIgniter->run()
16 SYSTEMPATH\Boot.php(67): CodeIgniter\Boot::runCodeIgniter(Object(CodeIgniter\CodeIgniter))
17 FCPATH\index.php(56): CodeIgniter\Boot::bootWeb(Object(Config\Paths))
18 SYSTEMPATH\rewrite.php(44): require_once('C:\\xampp3\\htdocs\\tubanweb\\halo-ternak\\public\\index.php')
CRITICAL - 2024-09-10 07:03:40 --> ErrorException: Undefined variable $data
[Method: GET, Route: peternak/hewan/detail]
in APPPATH\Views\components\card\layanan\layanan-left.php on line 3.
 1 APPPATH\Views\components\card\layanan\layanan-left.php(3): CodeIgniter\Debug\Exceptions->errorHandler(2, 'Undefined variable $data', 'C:\\xampp3\\htdocs\\tubanweb\\halo-ternak\\app\\Views\\components\\card\\layanan\\layanan-left.php', 3)
 2 SYSTEMPATH\View\View.php(234): include('C:\\xampp3\\htdocs\\tubanweb\\halo-ternak\\app\\Views\\components\\card\\layanan\\layanan-left.php')
 3 SYSTEMPATH\View\View.php(237): CodeIgniter\View\View->CodeIgniter\View\{closure}()
 4 SYSTEMPATH\Common.php(1169): CodeIgniter\View\View->render('components/card/layanan/layanan-left', [], true)
 5 APPPATH\Views\components\card\layanan.php(3): view('components/card/layanan/layanan-left', [...])
 6 SYSTEMPATH\View\View.php(234): include('C:\\xampp3\\htdocs\\tubanweb\\halo-ternak\\app\\Views\\components\\card\\layanan.php')
 7 SYSTEMPATH\View\View.php(237): CodeIgniter\View\View->CodeIgniter\View\{closure}()
 8 SYSTEMPATH\View\View.php(487): CodeIgniter\View\View->render('components/card/layanan', null, true)
 9 APPPATH\Views\peternak\hewan\detail.php(12): CodeIgniter\View\View->include('components/card/layanan')
10 SYSTEMPATH\View\View.php(234): include('C:\\xampp3\\htdocs\\tubanweb\\halo-ternak\\app\\Views\\peternak\\hewan\\detail.php')
11 SYSTEMPATH\View\View.php(237): CodeIgniter\View\View->CodeIgniter\View\{closure}()
12 SYSTEMPATH\Common.php(1169): CodeIgniter\View\View->render('peternak/hewan/detail', [], true)
13 APPPATH\Controllers\HewanTernak.php(40): view('peternak/hewan/detail', [...])
14 SYSTEMPATH\CodeIgniter.php(933): App\Controllers\HewanTernak->detail()
15 SYSTEMPATH\CodeIgniter.php(509): CodeIgniter\CodeIgniter->runController(Object(App\Controllers\HewanTernak))
16 SYSTEMPATH\CodeIgniter.php(355): CodeIgniter\CodeIgniter->handleRequest(null, Object(Config\Cache), false)
17 SYSTEMPATH\Boot.php(325): CodeIgniter\CodeIgniter->run()
18 SYSTEMPATH\Boot.php(67): CodeIgniter\Boot::runCodeIgniter(Object(CodeIgniter\CodeIgniter))
19 FCPATH\index.php(56): CodeIgniter\Boot::bootWeb(Object(Config\Paths))
20 SYSTEMPATH\rewrite.php(44): require_once('C:\\xampp3\\htdocs\\tubanweb\\halo-ternak\\public\\index.php')
CRITICAL - 2024-09-10 07:03:47 --> ErrorException: Undefined variable $data
[Method: GET, Route: peternak/hewan/detail]
in APPPATH\Views\components\card\layanan\layanan-left.php on line 3.
 1 APPPATH\Views\components\card\layanan\layanan-left.php(3): CodeIgniter\Debug\Exceptions->errorHandler(2, 'Undefined variable $data', 'C:\\xampp3\\htdocs\\tubanweb\\halo-ternak\\app\\Views\\components\\card\\layanan\\layanan-left.php', 3)
 2 SYSTEMPATH\View\View.php(234): include('C:\\xampp3\\htdocs\\tubanweb\\halo-ternak\\app\\Views\\components\\card\\layanan\\layanan-left.php')
 3 SYSTEMPATH\View\View.php(237): CodeIgniter\View\View->CodeIgniter\View\{closure}()
 4 SYSTEMPATH\Common.php(1169): CodeIgniter\View\View->render('components/card/layanan/layanan-left', [], true)
 5 APPPATH\Views\components\card\layanan.php(3): view('components/card/layanan/layanan-left', [...])
 6 SYSTEMPATH\View\View.php(234): include('C:\\xampp3\\htdocs\\tubanweb\\halo-ternak\\app\\Views\\components\\card\\layanan.php')
 7 SYSTEMPATH\View\View.php(237): CodeIgniter\View\View->CodeIgniter\View\{closure}()
 8 SYSTEMPATH\View\View.php(487): CodeIgniter\View\View->render('components/card/layanan', null, true)
 9 APPPATH\Views\peternak\hewan\detail.php(12): CodeIgniter\View\View->include('components/card/layanan')
10 SYSTEMPATH\View\View.php(234): include('C:\\xampp3\\htdocs\\tubanweb\\halo-ternak\\app\\Views\\peternak\\hewan\\detail.php')
11 SYSTEMPATH\View\View.php(237): CodeIgniter\View\View->CodeIgniter\View\{closure}()
12 SYSTEMPATH\Common.php(1169): CodeIgniter\View\View->render('peternak/hewan/detail', [], true)
13 APPPATH\Controllers\HewanTernak.php(40): view('peternak/hewan/detail', [...])
14 SYSTEMPATH\CodeIgniter.php(933): App\Controllers\HewanTernak->detail()
15 SYSTEMPATH\CodeIgniter.php(509): CodeIgniter\CodeIgniter->runController(Object(App\Controllers\HewanTernak))
16 SYSTEMPATH\CodeIgniter.php(355): CodeIgniter\CodeIgniter->handleRequest(null, Object(Config\Cache), false)
17 SYSTEMPATH\Boot.php(325): CodeIgniter\CodeIgniter->run()
18 SYSTEMPATH\Boot.php(67): CodeIgniter\Boot::runCodeIgniter(Object(CodeIgniter\CodeIgniter))
19 FCPATH\index.php(56): CodeIgniter\Boot::bootWeb(Object(Config\Paths))
20 SYSTEMPATH\rewrite.php(44): require_once('C:\\xampp3\\htdocs\\tubanweb\\halo-ternak\\public\\index.php')
INFO - 2024-09-10 07:04:02 --> Session: Class initialized using 'CodeIgniter\Session\Handlers\FileHandler' driver.
INFO - 2024-09-10 07:04:34 --> Session: Class initialized using 'CodeIgniter\Session\Handlers\FileHandler' driver.
INFO - 2024-09-10 07:04:48 --> Session: Class initialized using 'CodeIgniter\Session\Handlers\FileHandler' driver.
INFO - 2024-09-10 07:04:59 --> Session: Class initialized using 'CodeIgniter\Session\Handlers\FileHandler' driver.
INFO - 2024-09-10 07:05:55 --> Session: Class initialized using 'CodeIgniter\Session\Handlers\FileHandler' driver.
INFO - 2024-09-10 07:06:00 --> Session: Class initialized using 'CodeIgniter\Session\Handlers\FileHandler' driver.
INFO - 2024-09-10 07:07:17 --> Session: Class initialized using 'CodeIgniter\Session\Handlers\FileHandler' driver.
INFO - 2024-09-10 07:20:10 --> Session: Class initialized using 'CodeIgniter\Session\Handlers\FileHandler' driver.
INFO - 2024-09-10 07:20:13 --> Session: Class initialized using 'CodeIgniter\Session\Handlers\FileHandler' driver.
INFO - 2024-09-10 07:20:18 --> Session: Class initialized using 'CodeIgniter\Session\Handlers\FileHandler' driver.
INFO - 2024-09-10 07:20:20 --> Session: Class initialized using 'CodeIgniter\Session\Handlers\FileHandler' driver.
INFO - 2024-09-10 07:21:15 --> Session: Class initialized using 'CodeIgniter\Session\Handlers\FileHandler' driver.
INFO - 2024-09-10 07:21:30 --> Session: Class initialized using 'CodeIgniter\Session\Handlers\FileHandler' driver.
CRITICAL - 2024-09-10 07:21:32 --> ErrorException: Undefined variable $layanan
[Method: GET, Route: layanan]
in APPPATH\Views\components\card\layanan.php on line 1.
 1 APPPATH\Views\components\card\layanan.php(1): CodeIgniter\Debug\Exceptions->errorHandler(2, 'Undefined variable $layanan', 'C:\\xampp3\\htdocs\\tubanweb\\halo-ternak\\app\\Views\\components\\card\\layanan.php', 1)
 2 SYSTEMPATH\View\View.php(234): include('C:\\xampp3\\htdocs\\tubanweb\\halo-ternak\\app\\Views\\components\\card\\layanan.php')
 3 SYSTEMPATH\View\View.php(237): CodeIgniter\View\View->CodeIgniter\View\{closure}()
 4 SYSTEMPATH\View\View.php(487): CodeIgniter\View\View->render('components/card/layanan', null, true)
 5 APPPATH\Views\layanan\index.php(26): CodeIgniter\View\View->include('components/card/layanan')
 6 SYSTEMPATH\View\View.php(234): include('C:\\xampp3\\htdocs\\tubanweb\\halo-ternak\\app\\Views\\layanan\\index.php')
 7 SYSTEMPATH\View\View.php(237): CodeIgniter\View\View->CodeIgniter\View\{closure}()
 8 SYSTEMPATH\Common.php(1169): CodeIgniter\View\View->render('layanan/index', [], true)
 9 APPPATH\Controllers\Layanan.php(16): view('layanan/index', [...])
10 SYSTEMPATH\CodeIgniter.php(933): App\Controllers\Layanan->index()
11 SYSTEMPATH\CodeIgniter.php(509): CodeIgniter\CodeIgniter->runController(Object(App\Controllers\Layanan))
12 SYSTEMPATH\CodeIgniter.php(355): CodeIgniter\CodeIgniter->handleRequest(null, Object(Config\Cache), false)
13 SYSTEMPATH\Boot.php(325): CodeIgniter\CodeIgniter->run()
14 SYSTEMPATH\Boot.php(67): CodeIgniter\Boot::runCodeIgniter(Object(CodeIgniter\CodeIgniter))
15 FCPATH\index.php(56): CodeIgniter\Boot::bootWeb(Object(Config\Paths))
16 SYSTEMPATH\rewrite.php(44): require_once('C:\\xampp3\\htdocs\\tubanweb\\halo-ternak\\public\\index.php')
INFO - 2024-09-10 07:22:09 --> Session: Class initialized using 'CodeIgniter\Session\Handlers\FileHandler' driver.
INFO - 2024-09-10 07:22:16 --> Session: Class initialized using 'CodeIgniter\Session\Handlers\FileHandler' driver.
INFO - 2024-09-10 07:22:18 --> Session: Class initialized using 'CodeIgniter\Session\Handlers\FileHandler' driver.
ERROR - 2024-09-10 07:25:31 --> mysqli_sql_exception: Table 'halo_ternak_ci.obats' doesn't exist in C:\xampp3\htdocs\tubanweb\halo-ternak\system\Database\MySQLi\Connection.php:312
Stack trace:
#0 C:\xampp3\htdocs\tubanweb\halo-ternak\system\Database\MySQLi\Connection.php(312): mysqli->query('SELECT *\nFROM `...', 0)
#1 C:\xampp3\htdocs\tubanweb\halo-ternak\system\Database\BaseConnection.php(734): CodeIgniter\Database\MySQLi\Connection->execute('SELECT *\nFROM `...')
#2 C:\xampp3\htdocs\tubanweb\halo-ternak\system\Database\BaseConnection.php(648): CodeIgniter\Database\BaseConnection->simpleQuery('SELECT *\nFROM `...')
#3 C:\xampp3\htdocs\tubanweb\halo-ternak\system\Database\BaseBuilder.php(1644): CodeIgniter\Database\BaseConnection->query('SELECT *\nFROM `...', Array, false)
#4 C:\xampp3\htdocs\tubanweb\halo-ternak\system\Model.php(286): CodeIgniter\Database\BaseBuilder->get()
#5 C:\xampp3\htdocs\tubanweb\halo-ternak\system\BaseModel.php(676): CodeIgniter\Model->doFindAll(0, 0)
#6 C:\xampp3\htdocs\tubanweb\halo-ternak\app\Controllers\Obat.php(22): CodeIgniter\BaseModel->findAll()
#7 C:\xampp3\htdocs\tubanweb\halo-ternak\system\CodeIgniter.php(933): App\Controllers\Obat->index()
#8 C:\xampp3\htdocs\tubanweb\halo-ternak\system\CodeIgniter.php(509): CodeIgniter\CodeIgniter->runController(Object(App\Controllers\Obat))
#9 C:\xampp3\htdocs\tubanweb\halo-ternak\system\CodeIgniter.php(355): CodeIgniter\CodeIgniter->handleRequest(NULL, Object(Config\Cache), false)
#10 C:\xampp3\htdocs\tubanweb\halo-ternak\system\Boot.php(325): CodeIgniter\CodeIgniter->run()
#11 C:\xampp3\htdocs\tubanweb\halo-ternak\system\Boot.php(67): CodeIgniter\Boot::runCodeIgniter(Object(CodeIgniter\CodeIgniter))
#12 C:\xampp3\htdocs\tubanweb\halo-ternak\public\index.php(56): CodeIgniter\Boot::bootWeb(Object(Config\Paths))
#13 C:\xampp3\htdocs\tubanweb\halo-ternak\system\rewrite.php(44): require_once('C:\\xampp3\\htdoc...')
#14 {main}
CRITICAL - 2024-09-10 07:25:31 --> CodeIgniter\Database\Exceptions\DatabaseException: Table 'halo_ternak_ci.obats' doesn't exist
[Method: GET, Route: obat]
in SYSTEMPATH\Database\BaseConnection.php on line 688.
 1 SYSTEMPATH\Database\BaseBuilder.php(1644): CodeIgniter\Database\BaseConnection->query('SELECT *
FROM `obats`', [], false)
 2 SYSTEMPATH\Model.php(286): CodeIgniter\Database\BaseBuilder->get()
 3 SYSTEMPATH\BaseModel.php(676): CodeIgniter\Model->doFindAll(0, 0)
 4 APPPATH\Controllers\Obat.php(22): CodeIgniter\BaseModel->findAll()
 5 SYSTEMPATH\CodeIgniter.php(933): App\Controllers\Obat->index()
 6 SYSTEMPATH\CodeIgniter.php(509): CodeIgniter\CodeIgniter->runController(Object(App\Controllers\Obat))
 7 SYSTEMPATH\CodeIgniter.php(355): CodeIgniter\CodeIgniter->handleRequest(null, Object(Config\Cache), false)
 8 SYSTEMPATH\Boot.php(325): CodeIgniter\CodeIgniter->run()
 9 SYSTEMPATH\Boot.php(67): CodeIgniter\Boot::runCodeIgniter(Object(CodeIgniter\CodeIgniter))
10 FCPATH\index.php(56): CodeIgniter\Boot::bootWeb(Object(Config\Paths))
11 SYSTEMPATH\rewrite.php(44): require_once('C:\\xampp3\\htdocs\\tubanweb\\halo-ternak\\public\\index.php')
CRITICAL - 2024-09-10 07:25:31 --> [Caused by] CodeIgniter\Database\Exceptions\DatabaseException: Table 'halo_ternak_ci.obats' doesn't exist
in SYSTEMPATH\Database\MySQLi\Connection.php on line 317.
 1 SYSTEMPATH\Database\BaseConnection.php(734): CodeIgniter\Database\MySQLi\Connection->execute('SELECT *
FROM `obats`')
 2 SYSTEMPATH\Database\BaseConnection.php(648): CodeIgniter\Database\BaseConnection->simpleQuery('SELECT *
FROM `obats`')
 3 SYSTEMPATH\Database\BaseBuilder.php(1644): CodeIgniter\Database\BaseConnection->query('SELECT *
FROM `obats`', [], false)
 4 SYSTEMPATH\Model.php(286): CodeIgniter\Database\BaseBuilder->get()
 5 SYSTEMPATH\BaseModel.php(676): CodeIgniter\Model->doFindAll(0, 0)
 6 APPPATH\Controllers\Obat.php(22): CodeIgniter\BaseModel->findAll()
 7 SYSTEMPATH\CodeIgniter.php(933): App\Controllers\Obat->index()
 8 SYSTEMPATH\CodeIgniter.php(509): CodeIgniter\CodeIgniter->runController(Object(App\Controllers\Obat))
 9 SYSTEMPATH\CodeIgniter.php(355): CodeIgniter\CodeIgniter->handleRequest(null, Object(Config\Cache), false)
10 SYSTEMPATH\Boot.php(325): CodeIgniter\CodeIgniter->run()
11 SYSTEMPATH\Boot.php(67): CodeIgniter\Boot::runCodeIgniter(Object(CodeIgniter\CodeIgniter))
12 FCPATH\index.php(56): CodeIgniter\Boot::bootWeb(Object(Config\Paths))
13 SYSTEMPATH\rewrite.php(44): require_once('C:\\xampp3\\htdocs\\tubanweb\\halo-ternak\\public\\index.php')
CRITICAL - 2024-09-10 07:25:31 --> [Caused by] mysqli_sql_exception: Table 'halo_ternak_ci.obats' doesn't exist
in SYSTEMPATH\Database\MySQLi\Connection.php on line 312.
 1 SYSTEMPATH\Database\MySQLi\Connection.php(312): mysqli->query('SELECT *
FROM `obats`', 0)
 2 SYSTEMPATH\Database\BaseConnection.php(734): CodeIgniter\Database\MySQLi\Connection->execute('SELECT *
FROM `obats`')
 3 SYSTEMPATH\Database\BaseConnection.php(648): CodeIgniter\Database\BaseConnection->simpleQuery('SELECT *
FROM `obats`')
 4 SYSTEMPATH\Database\BaseBuilder.php(1644): CodeIgniter\Database\BaseConnection->query('SELECT *
FROM `obats`', [], false)
 5 SYSTEMPATH\Model.php(286): CodeIgniter\Database\BaseBuilder->get()
 6 SYSTEMPATH\BaseModel.php(676): CodeIgniter\Model->doFindAll(0, 0)
 7 APPPATH\Controllers\Obat.php(22): CodeIgniter\BaseModel->findAll()
 8 SYSTEMPATH\CodeIgniter.php(933): App\Controllers\Obat->index()
 9 SYSTEMPATH\CodeIgniter.php(509): CodeIgniter\CodeIgniter->runController(Object(App\Controllers\Obat))
10 SYSTEMPATH\CodeIgniter.php(355): CodeIgniter\CodeIgniter->handleRequest(null, Object(Config\Cache), false)
11 SYSTEMPATH\Boot.php(325): CodeIgniter\CodeIgniter->run()
12 SYSTEMPATH\Boot.php(67): CodeIgniter\Boot::runCodeIgniter(Object(CodeIgniter\CodeIgniter))
13 FCPATH\index.php(56): CodeIgniter\Boot::bootWeb(Object(Config\Paths))
14 SYSTEMPATH\rewrite.php(44): require_once('C:\\xampp3\\htdocs\\tubanweb\\halo-ternak\\public\\index.php')
CRITICAL - 2024-09-10 07:25:42 --> ErrorException: Undefined variable $row
[Method: GET, Route: obat]
in APPPATH\Views\components\card\obat.php on line 6.
 1 APPPATH\Views\components\card\obat.php(6): CodeIgniter\Debug\Exceptions->errorHandler(2, 'Undefined variable $row', 'C:\\xampp3\\htdocs\\tubanweb\\halo-ternak\\app\\Views\\components\\card\\obat.php', 6)
 2 SYSTEMPATH\View\View.php(234): include('C:\\xampp3\\htdocs\\tubanweb\\halo-ternak\\app\\Views\\components\\card\\obat.php')
 3 SYSTEMPATH\View\View.php(237): CodeIgniter\View\View->CodeIgniter\View\{closure}()
 4 SYSTEMPATH\Common.php(1169): CodeIgniter\View\View->render('components/card/obat', [], true)
 5 APPPATH\Views\obat\index.php(32): view('components/card/obat', [...])
 6 SYSTEMPATH\View\View.php(234): include('C:\\xampp3\\htdocs\\tubanweb\\halo-ternak\\app\\Views\\obat\\index.php')
 7 SYSTEMPATH\View\View.php(237): CodeIgniter\View\View->CodeIgniter\View\{closure}()
 8 SYSTEMPATH\Common.php(1169): CodeIgniter\View\View->render('obat/index', [], true)
 9 APPPATH\Controllers\Obat.php(25): view('obat/index', [...])
10 SYSTEMPATH\CodeIgniter.php(933): App\Controllers\Obat->index()
11 SYSTEMPATH\CodeIgniter.php(509): CodeIgniter\CodeIgniter->runController(Object(App\Controllers\Obat))
12 SYSTEMPATH\CodeIgniter.php(355): CodeIgniter\CodeIgniter->handleRequest(null, Object(Config\Cache), false)
13 SYSTEMPATH\Boot.php(325): CodeIgniter\CodeIgniter->run()
14 SYSTEMPATH\Boot.php(67): CodeIgniter\Boot::runCodeIgniter(Object(CodeIgniter\CodeIgniter))
15 FCPATH\index.php(56): CodeIgniter\Boot::bootWeb(Object(Config\Paths))
16 SYSTEMPATH\rewrite.php(44): require_once('C:\\xampp3\\htdocs\\tubanweb\\halo-ternak\\public\\index.php')
INFO - 2024-09-10 07:26:02 --> Session: Class initialized using 'CodeIgniter\Session\Handlers\FileHandler' driver.
INFO - 2024-09-10 07:27:11 --> Session: Class initialized using 'CodeIgniter\Session\Handlers\FileHandler' driver.
INFO - 2024-09-10 07:27:27 --> Session: Class initialized using 'CodeIgniter\Session\Handlers\FileHandler' driver.
INFO - 2024-09-10 07:27:38 --> Session: Class initialized using 'CodeIgniter\Session\Handlers\FileHandler' driver.
INFO - 2024-09-10 07:27:41 --> Session: Class initialized using 'CodeIgniter\Session\Handlers\FileHandler' driver.
INFO - 2024-09-10 07:27:42 --> Session: Class initialized using 'CodeIgniter\Session\Handlers\FileHandler' driver.
INFO - 2024-09-10 07:27:50 --> Session: Class initialized using 'CodeIgniter\Session\Handlers\FileHandler' driver.
INFO - 2024-09-10 07:27:53 --> Session: Class initialized using 'CodeIgniter\Session\Handlers\FileHandler' driver.
CRITICAL - 2024-09-10 08:04:00 --> ErrorException: Undefined array key "harga"
[Method: GET, Route: ternak]
in APPPATH\Views\components\card\ternak.php on line 7.
 1 APPPATH\Views\components\card\ternak.php(7): CodeIgniter\Debug\Exceptions->errorHandler(2, 'Undefined array key "harga"', 'C:\\xampp3\\htdocs\\tubanweb\\halo-ternak\\app\\Views\\components\\card\\ternak.php', 7)
 2 SYSTEMPATH\View\View.php(234): include('C:\\xampp3\\htdocs\\tubanweb\\halo-ternak\\app\\Views\\components\\card\\ternak.php')
 3 SYSTEMPATH\View\View.php(237): CodeIgniter\View\View->CodeIgniter\View\{closure}()
 4 SYSTEMPATH\Common.php(1169): CodeIgniter\View\View->render('components/card/ternak', [], true)
 5 APPPATH\Views\ternak\index.php(42): view('components/card/ternak', [...])
 6 SYSTEMPATH\View\View.php(234): include('C:\\xampp3\\htdocs\\tubanweb\\halo-ternak\\app\\Views\\ternak\\index.php')
 7 SYSTEMPATH\View\View.php(237): CodeIgniter\View\View->CodeIgniter\View\{closure}()
 8 SYSTEMPATH\Common.php(1169): CodeIgniter\View\View->render('ternak/index', [], true)
 9 APPPATH\Controllers\Ternak.php(25): view('ternak/index', [...])
10 SYSTEMPATH\CodeIgniter.php(933): App\Controllers\Ternak->index()
11 SYSTEMPATH\CodeIgniter.php(509): CodeIgniter\CodeIgniter->runController(Object(App\Controllers\Ternak))
12 SYSTEMPATH\CodeIgniter.php(355): CodeIgniter\CodeIgniter->handleRequest(null, Object(Config\Cache), false)
13 SYSTEMPATH\Boot.php(325): CodeIgniter\CodeIgniter->run()
14 SYSTEMPATH\Boot.php(67): CodeIgniter\Boot::runCodeIgniter(Object(CodeIgniter\CodeIgniter))
15 FCPATH\index.php(56): CodeIgniter\Boot::bootWeb(Object(Config\Paths))
16 SYSTEMPATH\rewrite.php(44): require_once('C:\\xampp3\\htdocs\\tubanweb\\halo-ternak\\public\\index.php')
CRITICAL - 2024-09-10 08:04:21 --> ErrorException: Undefined array key "harga"
[Method: GET, Route: ternak]
in APPPATH\Views\components\card\ternak.php on line 7.
 1 APPPATH\Views\components\card\ternak.php(7): CodeIgniter\Debug\Exceptions->errorHandler(2, 'Undefined array key "harga"', 'C:\\xampp3\\htdocs\\tubanweb\\halo-ternak\\app\\Views\\components\\card\\ternak.php', 7)
 2 SYSTEMPATH\View\View.php(234): include('C:\\xampp3\\htdocs\\tubanweb\\halo-ternak\\app\\Views\\components\\card\\ternak.php')
 3 SYSTEMPATH\View\View.php(237): CodeIgniter\View\View->CodeIgniter\View\{closure}()
 4 SYSTEMPATH\Common.php(1169): CodeIgniter\View\View->render('components/card/ternak', [], true)
 5 APPPATH\Views\ternak\index.php(42): view('components/card/ternak', [...])
 6 SYSTEMPATH\View\View.php(234): include('C:\\xampp3\\htdocs\\tubanweb\\halo-ternak\\app\\Views\\ternak\\index.php')
 7 SYSTEMPATH\View\View.php(237): CodeIgniter\View\View->CodeIgniter\View\{closure}()
 8 SYSTEMPATH\Common.php(1169): CodeIgniter\View\View->render('ternak/index', [], true)
 9 APPPATH\Controllers\Ternak.php(25): view('ternak/index', [...])
10 SYSTEMPATH\CodeIgniter.php(933): App\Controllers\Ternak->index()
11 SYSTEMPATH\CodeIgniter.php(509): CodeIgniter\CodeIgniter->runController(Object(App\Controllers\Ternak))
12 SYSTEMPATH\CodeIgniter.php(355): CodeIgniter\CodeIgniter->handleRequest(null, Object(Config\Cache), false)
13 SYSTEMPATH\Boot.php(325): CodeIgniter\CodeIgniter->run()
14 SYSTEMPATH\Boot.php(67): CodeIgniter\Boot::runCodeIgniter(Object(CodeIgniter\CodeIgniter))
15 FCPATH\index.php(56): CodeIgniter\Boot::bootWeb(Object(Config\Paths))
16 SYSTEMPATH\rewrite.php(44): require_once('C:\\xampp3\\htdocs\\tubanweb\\halo-ternak\\public\\index.php')
INFO - 2024-09-10 08:07:02 --> Session: Class initialized using 'CodeIgniter\Session\Handlers\FileHandler' driver.
INFO - 2024-09-10 08:15:03 --> Session: Class initialized using 'CodeIgniter\Session\Handlers\FileHandler' driver.
INFO - 2024-09-10 08:15:20 --> Session: Class initialized using 'CodeIgniter\Session\Handlers\FileHandler' driver.
INFO - 2024-09-10 08:15:25 --> Session: Class initialized using 'CodeIgniter\Session\Handlers\FileHandler' driver.
INFO - 2024-09-10 08:22:56 --> Session: Class initialized using 'CodeIgniter\Session\Handlers\FileHandler' driver.
CRITICAL - 2024-09-10 08:31:03 --> ErrorException: Undefined array key "jenis_hewan"
[Method: GET, Route: ternak]
in APPPATH\Views\components\modal\ternak.php on line 32.
 1 APPPATH\Views\components\modal\ternak.php(32): CodeIgniter\Debug\Exceptions->errorHandler(2, 'Undefined array key "jenis_hewan"', 'C:\\xampp3\\htdocs\\tubanweb\\halo-ternak\\app\\Views\\components\\modal\\ternak.php', 32)
 2 SYSTEMPATH\View\View.php(234): include('C:\\xampp3\\htdocs\\tubanweb\\halo-ternak\\app\\Views\\components\\modal\\ternak.php')
 3 SYSTEMPATH\View\View.php(237): CodeIgniter\View\View->CodeIgniter\View\{closure}()
 4 SYSTEMPATH\Common.php(1169): CodeIgniter\View\View->render('components/modal/ternak', [], true)
 5 APPPATH\Views\components\card\ternak.php(19): view('components/modal/ternak', [...])
 6 SYSTEMPATH\View\View.php(234): include('C:\\xampp3\\htdocs\\tubanweb\\halo-ternak\\app\\Views\\components\\card\\ternak.php')
 7 SYSTEMPATH\View\View.php(237): CodeIgniter\View\View->CodeIgniter\View\{closure}()
 8 SYSTEMPATH\Common.php(1169): CodeIgniter\View\View->render('components/card/ternak', [], true)
 9 APPPATH\Views\ternak\index.php(42): view('components/card/ternak', [...])
10 SYSTEMPATH\View\View.php(234): include('C:\\xampp3\\htdocs\\tubanweb\\halo-ternak\\app\\Views\\ternak\\index.php')
11 SYSTEMPATH\View\View.php(237): CodeIgniter\View\View->CodeIgniter\View\{closure}()
12 SYSTEMPATH\Common.php(1169): CodeIgniter\View\View->render('ternak/index', [], true)
13 APPPATH\Controllers\HewanTernak.php(26): view('ternak/index', [...])
14 SYSTEMPATH\CodeIgniter.php(933): App\Controllers\HewanTernak->index()
15 SYSTEMPATH\CodeIgniter.php(509): CodeIgniter\CodeIgniter->runController(Object(App\Controllers\HewanTernak))
16 SYSTEMPATH\CodeIgniter.php(355): CodeIgniter\CodeIgniter->handleRequest(null, Object(Config\Cache), false)
17 SYSTEMPATH\Boot.php(325): CodeIgniter\CodeIgniter->run()
18 SYSTEMPATH\Boot.php(67): CodeIgniter\Boot::runCodeIgniter(Object(CodeIgniter\CodeIgniter))
19 FCPATH\index.php(56): CodeIgniter\Boot::bootWeb(Object(Config\Paths))
20 SYSTEMPATH\rewrite.php(44): require_once('C:\\xampp3\\htdocs\\tubanweb\\halo-ternak\\public\\index.php')
INFO - 2024-09-10 08:31:25 --> Session: Class initialized using 'CodeIgniter\Session\Handlers\FileHandler' driver.
INFO - 2024-09-10 08:56:48 --> Session: Class initialized using 'CodeIgniter\Session\Handlers\FileHandler' driver.
