CRITICAL - 2024-09-04 07:02:51 --> ErrorException: Undefined variable $popupClass
[Method: GET, Route: /]
in APPPATH\Views\components\modal\detail-peta.php on line 1.
 1 APPPATH\Views\components\modal\detail-peta.php(1): CodeIgniter\Debug\Exceptions->errorHandler(2, 'Undefined variable $popupClass', 'C:\\xampp3\\htdocs\\tubanweb\\halo-ternak\\app\\Views\\components\\modal\\detail-peta.php', 1)
 2 SYSTEMPATH\View\View.php(234): include('C:\\xampp3\\htdocs\\tubanweb\\halo-ternak\\app\\Views\\components\\modal\\detail-peta.php')
 3 SYSTEMPATH\View\View.php(237): CodeIgniter\View\View->CodeIgniter\View\{closure}()
 4 SYSTEMPATH\View\View.php(487): CodeIgniter\View\View->render('components/modal/detail-peta', null, true)
 5 APPPATH\Views\components\landing-page\peta-ternak.php(13): CodeIgniter\View\View->include('components/modal/detail-peta')
 6 SYSTEMPATH\View\View.php(234): include('C:\\xampp3\\htdocs\\tubanweb\\halo-ternak\\app\\Views\\components\\landing-page\\peta-ternak.php')
 7 SYSTEMPATH\View\View.php(237): CodeIgniter\View\View->CodeIgniter\View\{closure}()
 8 SYSTEMPATH\View\View.php(487): CodeIgniter\View\View->render('components/landing-page/peta-ternak', null, true)
 9 APPPATH\Views\index.php(26): CodeIgniter\View\View->include('components/landing-page/peta-ternak')
10 SYSTEMPATH\View\View.php(234): include('C:\\xampp3\\htdocs\\tubanweb\\halo-ternak\\app\\Views\\index.php')
11 SYSTEMPATH\View\View.php(237): CodeIgniter\View\View->CodeIgniter\View\{closure}()
12 SYSTEMPATH\Common.php(1169): CodeIgniter\View\View->render('index', [], true)
13 APPPATH\Controllers\Home.php(9): view('index')
14 SYSTEMPATH\CodeIgniter.php(933): App\Controllers\Home->index()
15 SYSTEMPATH\CodeIgniter.php(509): CodeIgniter\CodeIgniter->runController(Object(App\Controllers\Home))
16 SYSTEMPATH\CodeIgniter.php(355): CodeIgniter\CodeIgniter->handleRequest(null, Object(Config\Cache), false)
17 SYSTEMPATH\Boot.php(325): CodeIgniter\CodeIgniter->run()
18 SYSTEMPATH\Boot.php(67): CodeIgniter\Boot::runCodeIgniter(Object(CodeIgniter\CodeIgniter))
19 FCPATH\index.php(56): CodeIgniter\Boot::bootWeb(Object(Config\Paths))
20 SYSTEMPATH\rewrite.php(44): require_once('C:\\xampp3\\htdocs\\tubanweb\\halo-ternak\\public\\index.php')
CRITICAL - 2024-09-04 07:03:11 --> ErrorException: Undefined variable $popupClass
[Method: GET, Route: /]
in APPPATH\Views\components\modal\detail-peta.php on line 1.
 1 APPPATH\Views\components\modal\detail-peta.php(1): CodeIgniter\Debug\Exceptions->errorHandler(2, 'Undefined variable $popupClass', 'C:\\xampp3\\htdocs\\tubanweb\\halo-ternak\\app\\Views\\components\\modal\\detail-peta.php', 1)
 2 SYSTEMPATH\View\View.php(234): include('C:\\xampp3\\htdocs\\tubanweb\\halo-ternak\\app\\Views\\components\\modal\\detail-peta.php')
 3 SYSTEMPATH\View\View.php(237): CodeIgniter\View\View->CodeIgniter\View\{closure}()
 4 SYSTEMPATH\View\View.php(487): CodeIgniter\View\View->render('components/modal/detail-peta', [...], true)
 5 APPPATH\Views\components\landing-page\peta-ternak.php(13): CodeIgniter\View\View->include('components/modal/detail-peta', [...])
 6 SYSTEMPATH\View\View.php(234): include('C:\\xampp3\\htdocs\\tubanweb\\halo-ternak\\app\\Views\\components\\landing-page\\peta-ternak.php')
 7 SYSTEMPATH\View\View.php(237): CodeIgniter\View\View->CodeIgniter\View\{closure}()
 8 SYSTEMPATH\View\View.php(487): CodeIgniter\View\View->render('components/landing-page/peta-ternak', null, true)
 9 APPPATH\Views\index.php(26): CodeIgniter\View\View->include('components/landing-page/peta-ternak')
10 SYSTEMPATH\View\View.php(234): include('C:\\xampp3\\htdocs\\tubanweb\\halo-ternak\\app\\Views\\index.php')
11 SYSTEMPATH\View\View.php(237): CodeIgniter\View\View->CodeIgniter\View\{closure}()
12 SYSTEMPATH\Common.php(1169): CodeIgniter\View\View->render('index', [], true)
13 APPPATH\Controllers\Home.php(9): view('index')
14 SYSTEMPATH\CodeIgniter.php(933): App\Controllers\Home->index()
15 SYSTEMPATH\CodeIgniter.php(509): CodeIgniter\CodeIgniter->runController(Object(App\Controllers\Home))
16 SYSTEMPATH\CodeIgniter.php(355): CodeIgniter\CodeIgniter->handleRequest(null, Object(Config\Cache), false)
17 SYSTEMPATH\Boot.php(325): CodeIgniter\CodeIgniter->run()
18 SYSTEMPATH\Boot.php(67): CodeIgniter\Boot::runCodeIgniter(Object(CodeIgniter\CodeIgniter))
19 FCPATH\index.php(56): CodeIgniter\Boot::bootWeb(Object(Config\Paths))
20 SYSTEMPATH\rewrite.php(44): require_once('C:\\xampp3\\htdocs\\tubanweb\\halo-ternak\\public\\index.php')
