CRITICAL - 2024-08-26 06:50:35 --> ErrorException: Undefined variable $popupClass
[Method: GET, Route: obat]
in APPPATH\Views\components\modal\obat.php on line 1.
 1 APPPATH\Views\components\modal\obat.php(1): CodeIgniter\Debug\Exceptions->errorHandler(2, 'Undefined variable $popupClass', 'C:\\xampp3\\htdocs\\tubanweb\\halo-ternak\\app\\Views\\components\\modal\\obat.php', 1)
 2 SYSTEMPATH\View\View.php(234): include('C:\\xampp3\\htdocs\\tubanweb\\halo-ternak\\app\\Views\\components\\modal\\obat.php')
 3 SYSTEMPATH\View\View.php(237): CodeIgniter\View\View->CodeIgniter\View\{closure}()
 4 APPPATH\Views\obat\index.php(49): CodeIgniter\View\View->render('components/modal/obat', [...])
 5 SYSTEMPATH\View\View.php(234): include('C:\\xampp3\\htdocs\\tubanweb\\halo-ternak\\app\\Views\\obat\\index.php')
 6 SYSTEMPATH\View\View.php(237): CodeIgniter\View\View->CodeIgniter\View\{closure}()
 7 SYSTEMPATH\Common.php(1169): CodeIgniter\View\View->render('obat/index', [], true)
 8 APPPATH\Controllers\Obat.php(16): view('obat/index', [...])
 9 SYSTEMPATH\CodeIgniter.php(933): App\Controllers\Obat->index()
10 SYSTEMPATH\CodeIgniter.php(509): CodeIgniter\CodeIgniter->runController(Object(App\Controllers\Obat))
11 SYSTEMPATH\CodeIgniter.php(355): CodeIgniter\CodeIgniter->handleRequest(null, Object(Config\Cache), false)
12 SYSTEMPATH\Boot.php(325): CodeIgniter\CodeIgniter->run()
13 SYSTEMPATH\Boot.php(67): CodeIgniter\Boot::runCodeIgniter(Object(CodeIgniter\CodeIgniter))
14 FCPATH\index.php(56): CodeIgniter\Boot::bootWeb(Object(Config\Paths))
15 SYSTEMPATH\rewrite.php(44): require_once('C:\\xampp3\\htdocs\\tubanweb\\halo-ternak\\public\\index.php')
CRITICAL - 2024-08-26 06:51:01 --> ErrorException: Undefined variable $popupClass
[Method: GET, Route: obat]
in APPPATH\Views\components\modal\obat.php on line 1.
 1 APPPATH\Views\components\modal\obat.php(1): CodeIgniter\Debug\Exceptions->errorHandler(2, 'Undefined variable $popupClass', 'C:\\xampp3\\htdocs\\tubanweb\\halo-ternak\\app\\Views\\components\\modal\\obat.php', 1)
 2 SYSTEMPATH\View\View.php(234): include('C:\\xampp3\\htdocs\\tubanweb\\halo-ternak\\app\\Views\\components\\modal\\obat.php')
 3 SYSTEMPATH\View\View.php(237): CodeIgniter\View\View->CodeIgniter\View\{closure}()
 4 APPPATH\Views\obat\index.php(49): CodeIgniter\View\View->render('components/modal/obat', [...])
 5 SYSTEMPATH\View\View.php(234): include('C:\\xampp3\\htdocs\\tubanweb\\halo-ternak\\app\\Views\\obat\\index.php')
 6 SYSTEMPATH\View\View.php(237): CodeIgniter\View\View->CodeIgniter\View\{closure}()
 7 SYSTEMPATH\Common.php(1169): CodeIgniter\View\View->render('obat/index', [], true)
 8 APPPATH\Controllers\Obat.php(16): view('obat/index', [...])
 9 SYSTEMPATH\CodeIgniter.php(933): App\Controllers\Obat->index()
10 SYSTEMPATH\CodeIgniter.php(509): CodeIgniter\CodeIgniter->runController(Object(App\Controllers\Obat))
11 SYSTEMPATH\CodeIgniter.php(355): CodeIgniter\CodeIgniter->handleRequest(null, Object(Config\Cache), false)
12 SYSTEMPATH\Boot.php(325): CodeIgniter\CodeIgniter->run()
13 SYSTEMPATH\Boot.php(67): CodeIgniter\Boot::runCodeIgniter(Object(CodeIgniter\CodeIgniter))
14 FCPATH\index.php(56): CodeIgniter\Boot::bootWeb(Object(Config\Paths))
15 SYSTEMPATH\rewrite.php(44): require_once('C:\\xampp3\\htdocs\\tubanweb\\halo-ternak\\public\\index.php')
CRITICAL - 2024-08-26 08:27:43 --> ErrorException: Undefined variable $id
[Method: GET, Route: obat]
in APPPATH\Views\components\card\obat.php on line 15.
 1 APPPATH\Views\components\card\obat.php(15): CodeIgniter\Debug\Exceptions->errorHandler(2, 'Undefined variable $id', 'C:\\xampp3\\htdocs\\tubanweb\\halo-ternak\\app\\Views\\components\\card\\obat.php', 15)
 2 SYSTEMPATH\View\View.php(234): include('C:\\xampp3\\htdocs\\tubanweb\\halo-ternak\\app\\Views\\components\\card\\obat.php')
 3 SYSTEMPATH\View\View.php(237): CodeIgniter\View\View->CodeIgniter\View\{closure}()
 4 SYSTEMPATH\Common.php(1169): CodeIgniter\View\View->render('components/card/obat', [], true)
 5 APPPATH\Views\obat\index.php(36): view('components/card/obat', [...])
 6 SYSTEMPATH\View\View.php(234): include('C:\\xampp3\\htdocs\\tubanweb\\halo-ternak\\app\\Views\\obat\\index.php')
 7 SYSTEMPATH\View\View.php(237): CodeIgniter\View\View->CodeIgniter\View\{closure}()
 8 SYSTEMPATH\Common.php(1169): CodeIgniter\View\View->render('obat/index', [], true)
 9 APPPATH\Controllers\Obat.php(16): view('obat/index', [...])
10 SYSTEMPATH\CodeIgniter.php(933): App\Controllers\Obat->index()
11 SYSTEMPATH\CodeIgniter.php(509): CodeIgniter\CodeIgniter->runController(Object(App\Controllers\Obat))
12 SYSTEMPATH\CodeIgniter.php(355): CodeIgniter\CodeIgniter->handleRequest(null, Object(Config\Cache), false)
13 SYSTEMPATH\Boot.php(325): CodeIgniter\CodeIgniter->run()
14 SYSTEMPATH\Boot.php(67): CodeIgniter\Boot::runCodeIgniter(Object(CodeIgniter\CodeIgniter))
15 FCPATH\index.php(56): CodeIgniter\Boot::bootWeb(Object(Config\Paths))
16 SYSTEMPATH\rewrite.php(44): require_once('C:\\xampp3\\htdocs\\tubanweb\\halo-ternak\\public\\index.php')
